<?xml version="1.0" encoding="UTF-8"?>
<!-- Generated by org.testng.reporters.JUnitReportReporter -->
<testsuite hostname="Orwell" name="testpack.SecondTest" tests="1" failures="0" timestamp="17 Oct 2015 11:33:59 GMT" time="0.021" errors="0">
  <testcase name="testSecond" time="0.021" classname="testpack.SecondTest"/>
</testsuite> <!-- testpack.SecondTest -->
