<?xml version="1.0" encoding="UTF-8"?>
<!-- Generated by org.testng.reporters.JUnitReportReporter -->
<testsuite hostname="Orwell" name="tests.SecondTest" tests="1" failures="0" timestamp="18 Oct 2015 06:26:19 GMT" time="0.000" errors="0">
  <testcase name="testSecond" time="0.000" classname="tests.SecondTest"/>
</testsuite> <!-- tests.SecondTest -->
