<?xml version="1.0" encoding="UTF-8"?>
<!-- Generated by org.testng.reporters.JUnitReportReporter -->
<testsuite hostname="Orwell" name="testpack.NewTest" tests="1" failures="0" timestamp="17 Oct 2015 14:17:07 GMT" time="0.018" errors="0">
  <testcase name="testfirstfunction" time="0.018" classname="testpack.NewTest"/>
</testsuite> <!-- testpack.NewTest -->
