<?xml version="1.0" encoding="UTF-8"?>
<!-- Generated by org.testng.reporters.JUnitReportReporter -->
<testsuite hostname="Orwell" name="tests.NewTest" tests="1" failures="0" timestamp="18 Oct 2015 06:26:19 GMT" time="0.010" errors="0">
  <testcase name="testfirstfunction" time="0.010" classname="tests.NewTest"/>
</testsuite> <!-- tests.NewTest -->
